
Running 1 test using 1 worker

[1A[2K[1/1] [chromium] › tests\authorization.spec.ts:84:5 › @addduplicate Dupliacte auth for client
[1A[2K[chromium] › tests\authorization.spec.ts:84:5 › @addduplicate Dupliacte auth for client
Added authorization is: testdupauth

[1A[2K19/12/2025, 5:54:52 pm

[1A[2K19/12/2025, 5:54:55 pm

[1A[2KValidation:
An Authorization with the same authorization number already exists

[1A[2KExisting auths are :

auth15
3 auth
auth146
auth280
auth778
duplicateauth
testdupauth
2nd auth
auth
E AUTH

[1A[2Ktestdupauth

[1A[2K❌ Duplicate found: testdupauth

[1A[2Kmain page:testdupauth

[1A[2K  1 passed (42.9s)

To open last HTML report run:
[36m[39m
[36m  npx playwright show-report[39m
[36m[39m
